[01m[K/home/vvoxel/ros2_ws_mgr/src/g2o_driver/src/driver.cpp:[m[K In member function â€˜[01m[Kvoid BasicDriver::[01;32m[KComputeTransformMatrix[m[K(int, int)[m[Kâ€™:
[01m[K/home/vvoxel/ros2_ws_mgr/src/g2o_driver/src/driver.cpp:119:21:[m[K [01;31m[Kerror: [m[Kâ€˜[01m[Kreal_dist[m[Kâ€™ was not declared in this scope; did you mean â€˜[01m[Kreal_sit[m[Kâ€™?
  119 |           float k = [01;31m[Kreal_dist[m[K / graph_dist;             // wspÃ³Å‚czynnik skali
      |                     [01;31m[K^~~~~~~~~[m[K
      |                     [32m[Kreal_sit[m[K
[01m[K/home/vvoxel/ros2_ws_mgr/src/g2o_driver/src/driver.cpp:118:17:[m[K [01;35m[Kwarning: [m[Kunused variable â€˜[01m[Kreal_sit[m[Kâ€™ [[01;35m[K]8;;https://gcc.gnu.org/onlinedocs/gcc/Warning-Options.html#index-Wunused-variable-Wunused-variable]8;;[m[K]
  118 |           float [01;35m[Kreal_sit[m[K = computeDistance(r1, r2);
      |                 [01;35m[K^~~~~~~~[m[K
gmake[2]: *** [CMakeFiles/driver.dir/build.make:76: CMakeFiles/driver.dir/src/driver.cpp.o] Error 1
gmake[1]: *** [CMakeFiles/Makefile2:137: CMakeFiles/driver.dir/all] Error 2
gmake: *** [Makefile:146: all] Error 2
