[01m[K/home/vvoxel/ros2_ws_mgr/src/g2o_driver/src/driver.cpp:[m[K In member function â€˜[01m[Kvoid BasicDriver::[01;32m[KprintTagComparison[m[K(int, int)[m[Kâ€™:
[01m[K/home/vvoxel/ros2_ws_mgr/src/g2o_driver/src/driver.cpp:78:21:[m[K [01;31m[Kerror: [m[Kâ€˜[01m[Kreal_dist[m[Kâ€™ was not declared in this scope
   78 |           float k = [01;31m[Kreal_dist[m[K / graph_dist;
      |                     [01;31m[K^~~~~~~~~[m[K
[01m[K/home/vvoxel/ros2_ws_mgr/src/g2o_driver/src/driver.cpp:78:33:[m[K [01;31m[Kerror: [m[Kâ€˜[01m[Kgraph_dist[m[Kâ€™ was not declared in this scope
   78 |           float k = real_dist / [01;31m[Kgraph_dist[m[K;
      |                                 [01;31m[K^~~~~~~~~~[m[K
gmake[2]: *** [CMakeFiles/driver.dir/build.make:76: CMakeFiles/driver.dir/src/driver.cpp.o] Error 1
gmake[1]: *** [CMakeFiles/Makefile2:137: CMakeFiles/driver.dir/all] Error 2
gmake: *** [Makefile:146: all] Error 2
