[0.036s] Invoking command in '/home/vvoxel/ros2_ws_mgr/build/slam': CMAKE_PREFIX_PATH=/home/vvoxel/ros2_ws_mgr/install/apriltag_ros:/home/vvoxel/ros2_ws_mgr/install/apriltag_msgs:/home/vvoxel/ros2_ws_mgr/install/apriltag:/home/vvoxel/ros2_ws_mgr/install/sim_launcher:/opt/ros/jazzy:/home/vvoxel/ros2_ws_mgr/install/slam:/home/vvoxel/ros2_ws_mgr/install/test_ros_gz_bridge:/home/vvoxel/ros2_ws_mgr/install/ros_gz:/home/vvoxel/ros2_ws_mgr/install/ros_gz_sim_demos:/home/vvoxel/ros2_ws_mgr/install/ros_gz_sim:/home/vvoxel/ros2_ws_mgr/install/ros_gz_image:/home/vvoxel/ros2_ws_mgr/install/ros_gz_bridge:/home/vvoxel/ros2_ws_mgr/install/ros_gz_interfaces:/home/vvoxel/ros2_ws_mgr/install/realsense2_description:/home/vvoxel/ros2_ws_mgr/install/realsense2_camera:/home/vvoxel/ros2_ws_mgr/install/realsense2_camera_msgs:/home/vvoxel/ros2_ws_mgr/install/mtracker:/home/vvoxel/ros2_ws_mgr/install/g2o:/home/vvoxel/ros2_ws_mgr/install/anglecalc:/opt/ros/jazzy/opt/gz_sim_vendor:/opt/ros/jazzy/opt/gz_sensors_vendor:/opt/ros/jazzy/opt/gz_physics_vendor:/opt/ros/jazzy/opt/sdformat_vendor:/opt/ros/jazzy/opt/gz_gui_vendor:/opt/ros/jazzy/opt/gz_transport_vendor:/opt/ros/jazzy/opt/gz_rendering_vendor:/opt/ros/jazzy/opt/gz_plugin_vendor:/opt/ros/jazzy/opt/gz_fuel_tools_vendor:/opt/ros/jazzy/opt/gz_msgs_vendor:/opt/ros/jazzy/opt/gz_common_vendor:/opt/ros/jazzy/opt/gz_math_vendor:/opt/ros/jazzy/opt/gz_utils_vendor:/opt/ros/jazzy/opt/gz_tools_vendor:/opt/ros/jazzy/opt/gz_ogre_next_vendor:/opt/ros/jazzy/opt/gz_dartsim_vendor:/opt/ros/jazzy/opt/gz_cmake_vendor DEBUGINFOD_URLS=https://debuginfod.ubuntu.com LD_LIBRARY_PATH=/home/vvoxel/ros2_ws_mgr/install/apriltag_ros/lib:/home/vvoxel/ros2_ws_mgr/install/apriltag_msgs/lib:/home/vvoxel/ros2_ws_mgr/install/apriltag/lib:/opt/ros/jazzy/lib/x86_64-linux-gnu:/home/vvoxel/ros2_ws_mgr/install/ros_gz_sim/lib:/home/vvoxel/ros2_ws_mgr/install/ros_gz_bridge/lib:/home/vvoxel/ros2_ws_mgr/install/ros_gz_interfaces/lib:/home/vvoxel/ros2_ws_mgr/install/realsense2_camera/lib:/home/vvoxel/ros2_ws_mgr/install/realsense2_camera_msgs/lib:/home/vvoxel/ros2_ws_mgr/install/mtracker/lib:/home/vvoxel/ros2_ws_mgr/install/g2o/lib:/opt/ros/jazzy/opt/gz_sim_vendor/lib:/opt/ros/jazzy/opt/gz_sensors_vendor/lib:/opt/ros/jazzy/opt/gz_physics_vendor/lib:/opt/ros/jazzy/opt/sdformat_vendor/lib:/opt/ros/jazzy/opt/rviz_ogre_vendor/lib:/opt/ros/jazzy/lib/x86_64-linux-gnu:/opt/ros/jazzy/opt/gz_gui_vendor/lib:/opt/ros/jazzy/opt/gz_transport_vendor/lib:/opt/ros/jazzy/opt/gz_rendering_vendor/lib:/opt/ros/jazzy/opt/gz_plugin_vendor/lib:/opt/ros/jazzy/opt/gz_fuel_tools_vendor/lib:/opt/ros/jazzy/opt/gz_msgs_vendor/lib:/opt/ros/jazzy/opt/gz_common_vendor/lib:/opt/ros/jazzy/opt/gz_math_vendor/lib:/opt/ros/jazzy/opt/gz_utils_vendor/lib:/opt/ros/jazzy/opt/gz_tools_vendor/lib:/opt/ros/jazzy/opt/gz_ogre_next_vendor/lib:/opt/ros/jazzy/opt/gz_dartsim_vendor/lib:/opt/ros/jazzy/opt/gz_cmake_vendor/lib:/opt/ros/jazzy/lib PATH=/home/vvoxel/ros2_ws_mgr/install/apriltag/bin:/home/vvoxel/ros2_ws_mgr/install/g2o/bin:/opt/ros/jazzy/opt/gz_msgs_vendor/bin:/opt/ros/jazzy/opt/gz_tools_vendor/bin:/opt/ros/jazzy/opt/gz_ogre_next_vendor/bin:/opt/ros/jazzy/bin:/home/vvoxel/.local/bin:/usr/local/sbin:/usr/local/bin:/usr/sbin:/usr/bin:/sbin:/bin:/usr/games:/usr/local/games:/snap/bin:/snap/bin PKG_CONFIG_PATH=/home/vvoxel/ros2_ws_mgr/install/apriltag/lib/x86_64-linux-gnu/pkgconfig:/home/vvoxel/ros2_ws_mgr/install/apriltag/lib/pkgconfig:/home/vvoxel/ros2_ws_mgr/install/slam/lib/x86_64-linux-gnu/pkgconfig:/home/vvoxel/ros2_ws_mgr/install/slam/lib/pkgconfig PYTHONPATH=/home/vvoxel/ros2_ws_mgr/install/apriltag_msgs/lib/python3.12/site-packages:/home/vvoxel/ros2_ws_mgr/install/apriltag/lib/python3.12/site-packages:/home/vvoxel/ros2_ws_mgr/build/sim_launcher:/home/vvoxel/ros2_ws_mgr/install/sim_launcher/lib/python3.12/site-packages:/home/vvoxel/ros2_ws_mgr/install/ros_gz_sim/lib/python3.12/site-packages:/home/vvoxel/ros2_ws_mgr/install/ros_gz_bridge/lib/python3.12/site-packages:/home/vvoxel/ros2_ws_mgr/install/ros_gz_interfaces/lib/python3.12/site-packages:/home/vvoxel/ros2_ws_mgr/install/realsense2_camera_msgs/lib/python3.12/site-packages:/home/vvoxel/ros2_ws_mgr/install/mtracker/lib/python3.12/site-packages:/opt/ros/jazzy/lib/python3.12/site-packages /usr/bin/cmake --build /home/vvoxel/ros2_ws_mgr/build/slam -- -j8 -l8
[0.154s] [ 50%] [32mBuilding CXX object CMakeFiles/slam_node.dir/src/slam_node.cpp.o[0m
[4.694s] [01m[K/home/vvoxel/ros2_ws_mgr/src/slam/src/src/slam_node.cpp:38:24:[m[K [01;31m[Kerror: [m[Kâ€˜[01m[Kapriltag_ros[m[Kâ€™ was not declared in this scope; did you mean â€˜[01m[Kapriltag_msgs[m[Kâ€™?
[4.695s]    38 |   rclcpp::Subscription<[01;31m[Kapriltag_ros[m[K::AprilTagDetectionArray>::SharedPtr tag_sub_;
[4.695s]       |                        [01;31m[K^~~~~~~~~~~~[m[K
[4.695s]       |                        [32m[Kapriltag_msgs[m[K
[4.695s] [01m[K/home/vvoxel/ros2_ws_mgr/src/slam/src/src/slam_node.cpp:38:60:[m[K [01;31m[Kerror: [m[Ktemplate argument 1 is invalid
[4.695s]    38 |   rclcpp::Subscription<apriltag_ros::AprilTagDetectionArray[01;31m[K>[m[K::SharedPtr tag_sub_;
[4.695s]       |                                                            [01;31m[K^[m[K
[4.695s] [01m[K/home/vvoxel/ros2_ws_mgr/src/slam/src/src/slam_node.cpp:38:60:[m[K [01;31m[Kerror: [m[Ktemplate argument 3 is invalid
[4.696s] [01m[K/home/vvoxel/ros2_ws_mgr/src/slam/src/src/slam_node.cpp:38:60:[m[K [01;31m[Kerror: [m[Ktemplate argument 4 is invalid
[4.696s] [01m[K/home/vvoxel/ros2_ws_mgr/src/slam/src/src/slam_node.cpp:38:60:[m[K [01;31m[Kerror: [m[Ktemplate argument 5 is invalid
[4.696s] [01m[K/home/vvoxel/ros2_ws_mgr/src/slam/src/src/slam_node.cpp:38:63:[m[K [01;31m[Kerror: [m[Kexpected â€˜[01m[K;[m[Kâ€™ at end of member declaration
[4.696s]    38 |   rclcpp::Subscription<apriltag_ros::AprilTagDetectionArray>::[01;31m[KSharedPtr[m[K tag_sub_;
[4.696s]       |                                                               [01;31m[K^~~~~~~~~[m[K
[4.696s]       |                                                                        [32m[K;[m[K
[4.699s] [01m[K/home/vvoxel/ros2_ws_mgr/src/slam/src/src/slam_node.cpp:38:73:[m[K [01;31m[Kerror: [m[Kâ€˜[01m[Ktag_sub_[m[Kâ€™ does not name a type
[4.699s]    38 |   rclcpp::Subscription<apriltag_ros::AprilTagDetectionArray>::SharedPtr [01;31m[Ktag_sub_[m[K;
[4.699s]       |                                                                         [01;31m[K^~~~~~~~[m[K
[4.704s] [01m[K/home/vvoxel/ros2_ws_mgr/src/slam/src/src/slam_node.cpp:72:26:[m[K [01;31m[Kerror: [m[Kâ€˜[01m[Kapriltag_ros[m[Kâ€™ does not name a type
[4.704s]    72 |   void tagCallback(const [01;31m[Kapriltag_ros[m[K::AprilTagDetectionArray::ConstPtr msg) {
[4.704s]       |                          [01;31m[K^~~~~~~~~~~~[m[K
[4.704s] [01m[K/home/vvoxel/ros2_ws_mgr/src/slam/src/src/slam_node.cpp:72:62:[m[K [01;31m[Kerror: [m[Kexpected unqualified-id before â€˜[01m[K::[m[Kâ€™ token
[4.705s]    72 |   void tagCallback(const apriltag_ros::AprilTagDetectionArray[01;31m[K::[m[KConstPtr msg) {
[4.705s]       |                                                              [01;31m[K^~[m[K
[4.705s] [01m[K/home/vvoxel/ros2_ws_mgr/src/slam/src/src/slam_node.cpp:72:62:[m[K [01;31m[Kerror: [m[Kexpected â€˜[01m[K)[m[Kâ€™ before â€˜[01m[K::[m[Kâ€™ token
[4.705s]    72 |   void tagCallback[34m[K([m[Kconst apriltag_ros::AprilTagDetectionArray[01;31m[K:[m[K[32m[K:[m[KConstPtr msg) {
[4.705s]       |                   [34m[K~[m[K                                          [01;31m[K^[m[K[32m[K~[m[K
[4.705s]       |                                                              [32m[K)[m[K
[4.705s] [01m[K/home/vvoxel/ros2_ws_mgr/src/slam/src/src/slam_node.cpp:72:40:[m[K [01;31m[Kerror: [m[Kexpected â€˜[01m[K;[m[Kâ€™ at end of member declaration
[4.706s]    72 |   void tagCallback(const apriltag_ros::[01;31m[KAprilTagDetectionArray[m[K::ConstPtr msg) {
[4.706s]       |                                        [01;31m[K^~~~~~~~~~~~~~~~~~~~~~[m[K
[4.706s]       |                                                              [32m[K;[m[K
[4.709s] [01m[K/home/vvoxel/ros2_ws_mgr/src/slam/src/src/slam_node.cpp:72:64:[m[K [01;31m[Kerror: [m[Kâ€˜[01m[KConstPtr[m[Kâ€™ in namespace â€˜[01m[K::[m[Kâ€™ does not name a type
[4.709s]    72 |   void tagCallback(const apriltag_ros::AprilTagDetectionArray::[01;31m[KConstPtr[m[K msg) {
[4.709s]       |                                                                [01;31m[K^~~~~~~~[m[K
[4.737s] [01m[K/home/vvoxel/ros2_ws_mgr/src/slam/src/src/slam_node.cpp:[m[K In constructor â€˜[01m[KSlamNode::[01;32m[KSlamNode[m[K()[m[Kâ€™:
[4.737s] [01m[K/home/vvoxel/ros2_ws_mgr/src/slam/src/src/slam_node.cpp:21:5:[m[K [01;31m[Kerror: [m[Kâ€˜[01m[Ktag_sub_[m[Kâ€™ was not declared in this scope
[4.737s]    21 |     [01;31m[Ktag_sub_[m[K = this->create_subscription<apriltag_ros::msg::AprilTagDetectionArray>(
[4.738s]       |     [01;31m[K^~~~~~~~[m[K
[4.751s] [01m[K/home/vvoxel/ros2_ws_mgr/src/slam/src/src/slam_node.cpp:21:42:[m[K [01;31m[Kerror: [m[Kâ€˜[01m[Kapriltag_ros[m[Kâ€™ was not declared in this scope; did you mean â€˜[01m[Kapriltag_msgs[m[Kâ€™?
[4.752s]    21 |     tag_sub_ = this->create_subscription<[01;31m[Kapriltag_ros[m[K::msg::AprilTagDetectionArray>(
[4.752s]       |                                          [01;31m[K^~~~~~~~~~~~[m[K
[4.752s]       |                                          [32m[Kapriltag_msgs[m[K
[4.752s] [01m[K/home/vvoxel/ros2_ws_mgr/src/slam/src/src/slam_node.cpp:21:22:[m[K [01;31m[Kerror: [m[Kparse error in template argument list
[4.752s]    21 |     tag_sub_ = this->[01;31m[Kcreate_subscription<apriltag_ros::msg::AprilTagDetectionArray>[m[K(
[4.752s]       |                      [01;31m[K^~~~~~~~~~~~~~~~~~~~~~~~~~~~~~~~~~~~~~~~~~~~~~~~~~~~~~~~~~~~~~[m[K
[4.753s] [01m[K/home/vvoxel/ros2_ws_mgr/src/slam/src/src/slam_node.cpp:21:84:[m[K [01;31m[Kerror: [m[Kno matching function for call to â€˜[01m[KSlamNode::create_subscription<<expression error> >(const char [12], int, std::_Bind_helper<false, void (SlamNode::*)(std::shared_ptr<nav_msgs::msg::Odometry_<std::allocator<void> > >), SlamNode*, const std::_Placeholder<1>&>::type)[m[Kâ€™
[4.753s]    21 |     tag_sub_ = [01;31m[Kthis->create_subscription<apriltag_ros::msg::AprilTagDetectionArray>([m[K
[4.753s]       |                [01;31m[K~~~~~~~~~~~~~~~~~~~~~~~~~~~~~~~~~~~~~~~~~~~~~~~~~~~~~~~~~~~~~~~~~~~~^[m[K
[4.753s]    22 | [01;31m[K      "/detections", 10,[m[K
[4.754s]       |       [01;31m[K~~~~~~~~~~~~~~~~~~[m[K                                                            
[4.754s]    23 | [01;31m[K      std::bind(&SlamNode::positionCallback, this, std::placeholders::_1)[m[K
[4.754s]       |       [01;31m[K~~~~~~~~~~~~~~~~~~~~~~~~~~~~~~~~~~~~~~~~~~~~~~~~~~~~~~~~~~~~~~~~~~~[m[K           
[4.754s]    24 | [01;31m[K    )[m[K;
[4.754s]       |     [01;31m[K~[m[K                                                                               
[4.754s] In file included from [01m[K/opt/ros/jazzy/include/rclcpp/rclcpp/node.hpp:1663[m[K,
[4.754s]                  from [01m[K/opt/ros/jazzy/include/rclcpp/rclcpp/executors/single_threaded_executor.hpp:28[m[K,
[4.754s]                  from [01m[K/opt/ros/jazzy/include/rclcpp/rclcpp/executors.hpp:22[m[K,
[4.755s]                  from [01m[K/opt/ros/jazzy/include/rclcpp/rclcpp/rclcpp.hpp:172[m[K,
[4.755s]                  from [01m[K/home/vvoxel/ros2_ws_mgr/src/slam/src/src/slam_node.cpp:1[m[K:
[4.755s] [01m[K/opt/ros/jazzy/include/rclcpp/rclcpp/node_impl.hpp:92:1:[m[K [01;36m[Knote: [m[Kcandidate: â€˜[01m[Ktemplate<class MessageT, class CallbackT, class AllocatorT, class SubscriptionT, class MessageMemoryStrategyT> std::shared_ptr<ROSMessageT> rclcpp::Node::[01;32m[Kcreate_subscription[m[K(const std::string&, const rclcpp::QoS&, CallbackT&&, const rclcpp::SubscriptionOptionsWithAllocator<AllocatorT>&, typename MessageMemoryStrategyT::SharedPtr)[m[Kâ€™
[4.755s]    92 | [01;36m[KNode[m[K::create_subscription(
[4.755s]       | [01;36m[K^~~~[m[K
[4.755s] [01m[K/opt/ros/jazzy/include/rclcpp/rclcpp/node_impl.hpp:92:1:[m[K [01;36m[Knote: [m[K  template argument deduction/substitution failed:
[4.755s] [01m[K/home/vvoxel/ros2_ws_mgr/src/slam/src/src/slam_node.cpp:21:84:[m[K [01;31m[Kerror: [m[Ktemplate argument 1 is invalid
[4.755s]    21 |     tag_sub_ = [01;31m[Kthis->create_subscription<apriltag_ros::msg::AprilTagDetectionArray>([m[K
[4.756s]       |                [01;31m[K~~~~~~~~~~~~~~~~~~~~~~~~~~~~~~~~~~~~~~~~~~~~~~~~~~~~~~~~~~~~~~~~~~~~^[m[K
[4.756s]    22 | [01;31m[K      "/detections", 10,[m[K
[4.756s]       |       [01;31m[K~~~~~~~~~~~~~~~~~~[m[K                                                            
[4.756s]    23 | [01;31m[K      std::bind(&SlamNode::positionCallback, this, std::placeholders::_1)[m[K
[4.756s]       |       [01;31m[K~~~~~~~~~~~~~~~~~~~~~~~~~~~~~~~~~~~~~~~~~~~~~~~~~~~~~~~~~~~~~~~~~~~[m[K           
[4.756s]    24 | [01;31m[K    )[m[K;
[4.756s]       |     [01;31m[K~[m[K                                                                               
[8.924s] gmake[2]: *** [CMakeFiles/slam_node.dir/build.make:76: CMakeFiles/slam_node.dir/src/slam_node.cpp.o] Error 1
[8.924s] gmake[1]: *** [CMakeFiles/Makefile2:137: CMakeFiles/slam_node.dir/all] Error 2
[8.924s] gmake: *** [Makefile:146: all] Error 2
[8.928s] Invoked command in '/home/vvoxel/ros2_ws_mgr/build/slam' returned '2': CMAKE_PREFIX_PATH=/home/vvoxel/ros2_ws_mgr/install/apriltag_ros:/home/vvoxel/ros2_ws_mgr/install/apriltag_msgs:/home/vvoxel/ros2_ws_mgr/install/apriltag:/home/vvoxel/ros2_ws_mgr/install/sim_launcher:/opt/ros/jazzy:/home/vvoxel/ros2_ws_mgr/install/slam:/home/vvoxel/ros2_ws_mgr/install/test_ros_gz_bridge:/home/vvoxel/ros2_ws_mgr/install/ros_gz:/home/vvoxel/ros2_ws_mgr/install/ros_gz_sim_demos:/home/vvoxel/ros2_ws_mgr/install/ros_gz_sim:/home/vvoxel/ros2_ws_mgr/install/ros_gz_image:/home/vvoxel/ros2_ws_mgr/install/ros_gz_bridge:/home/vvoxel/ros2_ws_mgr/install/ros_gz_interfaces:/home/vvoxel/ros2_ws_mgr/install/realsense2_description:/home/vvoxel/ros2_ws_mgr/install/realsense2_camera:/home/vvoxel/ros2_ws_mgr/install/realsense2_camera_msgs:/home/vvoxel/ros2_ws_mgr/install/mtracker:/home/vvoxel/ros2_ws_mgr/install/g2o:/home/vvoxel/ros2_ws_mgr/install/anglecalc:/opt/ros/jazzy/opt/gz_sim_vendor:/opt/ros/jazzy/opt/gz_sensors_vendor:/opt/ros/jazzy/opt/gz_physics_vendor:/opt/ros/jazzy/opt/sdformat_vendor:/opt/ros/jazzy/opt/gz_gui_vendor:/opt/ros/jazzy/opt/gz_transport_vendor:/opt/ros/jazzy/opt/gz_rendering_vendor:/opt/ros/jazzy/opt/gz_plugin_vendor:/opt/ros/jazzy/opt/gz_fuel_tools_vendor:/opt/ros/jazzy/opt/gz_msgs_vendor:/opt/ros/jazzy/opt/gz_common_vendor:/opt/ros/jazzy/opt/gz_math_vendor:/opt/ros/jazzy/opt/gz_utils_vendor:/opt/ros/jazzy/opt/gz_tools_vendor:/opt/ros/jazzy/opt/gz_ogre_next_vendor:/opt/ros/jazzy/opt/gz_dartsim_vendor:/opt/ros/jazzy/opt/gz_cmake_vendor DEBUGINFOD_URLS=https://debuginfod.ubuntu.com LD_LIBRARY_PATH=/home/vvoxel/ros2_ws_mgr/install/apriltag_ros/lib:/home/vvoxel/ros2_ws_mgr/install/apriltag_msgs/lib:/home/vvoxel/ros2_ws_mgr/install/apriltag/lib:/opt/ros/jazzy/lib/x86_64-linux-gnu:/home/vvoxel/ros2_ws_mgr/install/ros_gz_sim/lib:/home/vvoxel/ros2_ws_mgr/install/ros_gz_bridge/lib:/home/vvoxel/ros2_ws_mgr/install/ros_gz_interfaces/lib:/home/vvoxel/ros2_ws_mgr/install/realsense2_camera/lib:/home/vvoxel/ros2_ws_mgr/install/realsense2_camera_msgs/lib:/home/vvoxel/ros2_ws_mgr/install/mtracker/lib:/home/vvoxel/ros2_ws_mgr/install/g2o/lib:/opt/ros/jazzy/opt/gz_sim_vendor/lib:/opt/ros/jazzy/opt/gz_sensors_vendor/lib:/opt/ros/jazzy/opt/gz_physics_vendor/lib:/opt/ros/jazzy/opt/sdformat_vendor/lib:/opt/ros/jazzy/opt/rviz_ogre_vendor/lib:/opt/ros/jazzy/lib/x86_64-linux-gnu:/opt/ros/jazzy/opt/gz_gui_vendor/lib:/opt/ros/jazzy/opt/gz_transport_vendor/lib:/opt/ros/jazzy/opt/gz_rendering_vendor/lib:/opt/ros/jazzy/opt/gz_plugin_vendor/lib:/opt/ros/jazzy/opt/gz_fuel_tools_vendor/lib:/opt/ros/jazzy/opt/gz_msgs_vendor/lib:/opt/ros/jazzy/opt/gz_common_vendor/lib:/opt/ros/jazzy/opt/gz_math_vendor/lib:/opt/ros/jazzy/opt/gz_utils_vendor/lib:/opt/ros/jazzy/opt/gz_tools_vendor/lib:/opt/ros/jazzy/opt/gz_ogre_next_vendor/lib:/opt/ros/jazzy/opt/gz_dartsim_vendor/lib:/opt/ros/jazzy/opt/gz_cmake_vendor/lib:/opt/ros/jazzy/lib PATH=/home/vvoxel/ros2_ws_mgr/install/apriltag/bin:/home/vvoxel/ros2_ws_mgr/install/g2o/bin:/opt/ros/jazzy/opt/gz_msgs_vendor/bin:/opt/ros/jazzy/opt/gz_tools_vendor/bin:/opt/ros/jazzy/opt/gz_ogre_next_vendor/bin:/opt/ros/jazzy/bin:/home/vvoxel/.local/bin:/usr/local/sbin:/usr/local/bin:/usr/sbin:/usr/bin:/sbin:/bin:/usr/games:/usr/local/games:/snap/bin:/snap/bin PKG_CONFIG_PATH=/home/vvoxel/ros2_ws_mgr/install/apriltag/lib/x86_64-linux-gnu/pkgconfig:/home/vvoxel/ros2_ws_mgr/install/apriltag/lib/pkgconfig:/home/vvoxel/ros2_ws_mgr/install/slam/lib/x86_64-linux-gnu/pkgconfig:/home/vvoxel/ros2_ws_mgr/install/slam/lib/pkgconfig PYTHONPATH=/home/vvoxel/ros2_ws_mgr/install/apriltag_msgs/lib/python3.12/site-packages:/home/vvoxel/ros2_ws_mgr/install/apriltag/lib/python3.12/site-packages:/home/vvoxel/ros2_ws_mgr/build/sim_launcher:/home/vvoxel/ros2_ws_mgr/install/sim_launcher/lib/python3.12/site-packages:/home/vvoxel/ros2_ws_mgr/install/ros_gz_sim/lib/python3.12/site-packages:/home/vvoxel/ros2_ws_mgr/install/ros_gz_bridge/lib/python3.12/site-packages:/home/vvoxel/ros2_ws_mgr/install/ros_gz_interfaces/lib/python3.12/site-packages:/home/vvoxel/ros2_ws_mgr/install/realsense2_camera_msgs/lib/python3.12/site-packages:/home/vvoxel/ros2_ws_mgr/install/mtracker/lib/python3.12/site-packages:/opt/ros/jazzy/lib/python3.12/site-packages /usr/bin/cmake --build /home/vvoxel/ros2_ws_mgr/build/slam -- -j8 -l8
