[ 50%] [32mBuilding CXX object CMakeFiles/driver.dir/src/driver.cpp.o[0m
[01m[K/home/vvoxel/ros2_ws_mgr/src/g2o_driver/src/driver.cpp:[m[K In member function ‚Äò[01m[Kvoid BasicDriver::[01;32m[KprintATPose[m[K(const std::string&)[m[K‚Äô:
[01m[K/home/vvoxel/ros2_ws_mgr/src/g2o_driver/src/driver.cpp:22:11:[m[K [01;31m[Kerror: [m[K‚Äò[01m[KRLCPP_INFO[m[K‚Äô was not declared in this scope; did you mean ‚Äò[01m[KRCLCPP_INFO[m[K‚Äô?
   22 |           [01;31m[KRLCPP_INFO[m[K(this->get_logger(), "Szukam znacznik√≥w");
      |           [01;31m[K^~~~~~~~~~[m[K
      |           [32m[KRCLCPP_INFO[m[K
gmake[2]: *** [CMakeFiles/driver.dir/build.make:76: CMakeFiles/driver.dir/src/driver.cpp.o] Error 1
gmake[1]: *** [CMakeFiles/Makefile2:137: CMakeFiles/driver.dir/all] Error 2
gmake: *** [Makefile:146: all] Error 2
