[01m[K/home/vvoxel/ros2_ws_mgr/src/g2o_driver/src/driver.cpp:127:10:[m[K [01;31m[Kerror: [m[Kexpected â€˜[01m[K;[m[Kâ€™ after class definition
  127 |         }
      |          [01;31m[K^[m[K
      |          [32m[K;[m[K
[01m[K/home/vvoxel/ros2_ws_mgr/src/g2o_driver/src/driver.cpp:129:1:[m[K [01;31m[Kerror: [m[Kexpected declaration before â€˜[01m[K}[m[Kâ€™ token
  129 | [01;31m[K}[m[K;
      | [01;31m[K^[m[K
gmake[2]: *** [CMakeFiles/driver.dir/build.make:76: CMakeFiles/driver.dir/src/driver.cpp.o] Error 1
gmake[1]: *** [CMakeFiles/Makefile2:137: CMakeFiles/driver.dir/all] Error 2
gmake: *** [Makefile:146: all] Error 2
