[01m[K/home/vvoxel/ros2_ws_mgr/src/slam/src/src/slam_node.cpp:37:50:[m[K [01;31m[Kerror: [m[Kâ€˜[01m[KConstPtr[m[Kâ€™ in â€˜[01m[Kclass rclcpp::Subscription<nav_msgs::msg::Odometry_<std::allocator<void> > >[m[Kâ€™ does not name a type
   37 |   rclcpp::Subscription<nav_msgs::msg::Odometry>::[01;31m[KConstPtr[m[K odom_sub_;
      |                                                  [01;31m[K^~~~~~~~[m[K
[01m[K/home/vvoxel/ros2_ws_mgr/src/slam/src/src/slam_node.cpp:38:24:[m[K [01;31m[Kerror: [m[Kâ€˜[01m[Kapriltag_ros[m[Kâ€™ was not declared in this scope; did you mean â€˜[01m[Kapriltag_msgs[m[Kâ€™?
   38 |   rclcpp::Subscription<[01;31m[Kapriltag_ros[m[K::AprilTagDetectionArray>::ConstPtr tag_sub_;
      |                        [01;31m[K^~~~~~~~~~~~[m[K
      |                        [32m[Kapriltag_msgs[m[K
[01m[K/home/vvoxel/ros2_ws_mgr/src/slam/src/src/slam_node.cpp:38:60:[m[K [01;31m[Kerror: [m[Ktemplate argument 1 is invalid
   38 |   rclcpp::Subscription<apriltag_ros::AprilTagDetectionArray[01;31m[K>[m[K::ConstPtr tag_sub_;
      |                                                            [01;31m[K^[m[K
[01m[K/home/vvoxel/ros2_ws_mgr/src/slam/src/src/slam_node.cpp:38:60:[m[K [01;31m[Kerror: [m[Ktemplate argument 3 is invalid
[01m[K/home/vvoxel/ros2_ws_mgr/src/slam/src/src/slam_node.cpp:38:60:[m[K [01;31m[Kerror: [m[Ktemplate argument 4 is invalid
[01m[K/home/vvoxel/ros2_ws_mgr/src/slam/src/src/slam_node.cpp:38:60:[m[K [01;31m[Kerror: [m[Ktemplate argument 5 is invalid
[01m[K/home/vvoxel/ros2_ws_mgr/src/slam/src/src/slam_node.cpp:38:63:[m[K [01;31m[Kerror: [m[Kexpected â€˜[01m[K;[m[Kâ€™ at end of member declaration
   38 |   rclcpp::Subscription<apriltag_ros::AprilTagDetectionArray>::[01;31m[KConstPtr[m[K tag_sub_;
      |                                                               [01;31m[K^~~~~~~~[m[K
      |                                                                       [32m[K;[m[K
[01m[K/home/vvoxel/ros2_ws_mgr/src/slam/src/src/slam_node.cpp:38:72:[m[K [01;31m[Kerror: [m[Kâ€˜[01m[Ktag_sub_[m[Kâ€™ does not name a type
   38 |   rclcpp::Subscription<apriltag_ros::AprilTagDetectionArray>::ConstPtr [01;31m[Ktag_sub_[m[K;
      |                                                                        [01;31m[K^~~~~~~~[m[K
[01m[K/home/vvoxel/ros2_ws_mgr/src/slam/src/src/slam_node.cpp:72:26:[m[K [01;31m[Kerror: [m[Kâ€˜[01m[Kapriltag_ros[m[Kâ€™ does not name a type
   72 |   void tagCallback(const [01;31m[Kapriltag_ros[m[K::AprilTagDetectionArray::ConstPtr msg) {
      |                          [01;31m[K^~~~~~~~~~~~[m[K
[01m[K/home/vvoxel/ros2_ws_mgr/src/slam/src/src/slam_node.cpp:72:62:[m[K [01;31m[Kerror: [m[Kexpected unqualified-id before â€˜[01m[K::[m[Kâ€™ token
   72 |   void tagCallback(const apriltag_ros::AprilTagDetectionArray[01;31m[K::[m[KConstPtr msg) {
      |                                                              [01;31m[K^~[m[K
[01m[K/home/vvoxel/ros2_ws_mgr/src/slam/src/src/slam_node.cpp:72:62:[m[K [01;31m[Kerror: [m[Kexpected â€˜[01m[K)[m[Kâ€™ before â€˜[01m[K::[m[Kâ€™ token
   72 |   void tagCallback[34m[K([m[Kconst apriltag_ros::AprilTagDetectionArray[01;31m[K:[m[K[32m[K:[m[KConstPtr msg) {
      |                   [34m[K~[m[K                                          [01;31m[K^[m[K[32m[K~[m[K
      |                                                              [32m[K)[m[K
[01m[K/home/vvoxel/ros2_ws_mgr/src/slam/src/src/slam_node.cpp:72:40:[m[K [01;31m[Kerror: [m[Kexpected â€˜[01m[K;[m[Kâ€™ at end of member declaration
   72 |   void tagCallback(const apriltag_ros::[01;31m[KAprilTagDetectionArray[m[K::ConstPtr msg) {
      |                                        [01;31m[K^~~~~~~~~~~~~~~~~~~~~~[m[K
      |                                                              [32m[K;[m[K
[01m[K/home/vvoxel/ros2_ws_mgr/src/slam/src/src/slam_node.cpp:72:64:[m[K [01;31m[Kerror: [m[Kâ€˜[01m[KConstPtr[m[Kâ€™ in namespace â€˜[01m[K::[m[Kâ€™ does not name a type
   72 |   void tagCallback(const apriltag_ros::AprilTagDetectionArray::[01;31m[KConstPtr[m[K msg) {
      |                                                                [01;31m[K^~~~~~~~[m[K
[01m[K/home/vvoxel/ros2_ws_mgr/src/slam/src/src/slam_node.cpp:[m[K In constructor â€˜[01m[KSlamNode::[01;32m[KSlamNode[m[K()[m[Kâ€™:
[01m[K/home/vvoxel/ros2_ws_mgr/src/slam/src/src/slam_node.cpp:16:5:[m[K [01;31m[Kerror: [m[Kâ€˜[01m[Kodom_sub_[m[Kâ€™ was not declared in this scope
   16 |     [01;31m[Kodom_sub_[m[K = this->create_subscription<nav_msgs::msg::Odometry>(
      |     [01;31m[K^~~~~~~~~[m[K
[01m[K/home/vvoxel/ros2_ws_mgr/src/slam/src/src/slam_node.cpp:21:5:[m[K [01;31m[Kerror: [m[Kâ€˜[01m[Ktag_sub_[m[Kâ€™ was not declared in this scope
   21 |     [01;31m[Ktag_sub_[m[K = this->create_subscription<apriltag_ros::AprilTagDetectionArray>(
      |     [01;31m[K^~~~~~~~[m[K
[01m[K/home/vvoxel/ros2_ws_mgr/src/slam/src/src/slam_node.cpp:21:42:[m[K [01;31m[Kerror: [m[Kâ€˜[01m[Kapriltag_ros[m[Kâ€™ was not declared in this scope; did you mean â€˜[01m[Kapriltag_msgs[m[Kâ€™?
   21 |     tag_sub_ = this->create_subscription<[01;31m[Kapriltag_ros[m[K::AprilTagDetectionArray>(
      |                                          [01;31m[K^~~~~~~~~~~~[m[K
      |                                          [32m[Kapriltag_msgs[m[K
[01m[K/home/vvoxel/ros2_ws_mgr/src/slam/src/src/slam_node.cpp:21:22:[m[K [01;31m[Kerror: [m[Kparse error in template argument list
   21 |     tag_sub_ = this->[01;31m[Kcreate_subscription<apriltag_ros::AprilTagDetectionArray>[m[K(
      |                      [01;31m[K^~~~~~~~~~~~~~~~~~~~~~~~~~~~~~~~~~~~~~~~~~~~~~~~~~~~~~~~~[m[K
[01m[K/home/vvoxel/ros2_ws_mgr/src/slam/src/src/slam_node.cpp:21:79:[m[K [01;31m[Kerror: [m[Kno matching function for call to â€˜[01m[KSlamNode::create_subscription<<expression error> >(const char [12], int, std::_Bind_helper<false, void (SlamNode::*)(std::shared_ptr<nav_msgs::msg::Odometry_<std::allocator<void> > >), SlamNode*, const std::_Placeholder<1>&>::type)[m[Kâ€™
   21 |     tag_sub_ = [01;31m[Kthis->create_subscription<apriltag_ros::AprilTagDetectionArray>([m[K
      |                [01;31m[K~~~~~~~~~~~~~~~~~~~~~~~~~~~~~~~~~~~~~~~~~~~~~~~~~~~~~~~~~~~~~~~^[m[K
   22 | [01;31m[K      "/detections", 10,[m[K
      |       [01;31m[K~~~~~~~~~~~~~~~~~~[m[K                                                       
   23 | [01;31m[K      std::bind(&SlamNode::positionCallback, this, std::placeholders::_1)[m[K
      |       [01;31m[K~~~~~~~~~~~~~~~~~~~~~~~~~~~~~~~~~~~~~~~~~~~~~~~~~~~~~~~~~~~~~~~~~~~[m[K      
   24 | [01;31m[K    )[m[K;
      |     [01;31m[K~[m[K                                                                          
In file included from [01m[K/opt/ros/jazzy/include/rclcpp/rclcpp/node.hpp:1663[m[K,
                 from [01m[K/opt/ros/jazzy/include/rclcpp/rclcpp/executors/single_threaded_executor.hpp:28[m[K,
                 from [01m[K/opt/ros/jazzy/include/rclcpp/rclcpp/executors.hpp:22[m[K,
                 from [01m[K/opt/ros/jazzy/include/rclcpp/rclcpp/rclcpp.hpp:172[m[K,
                 from [01m[K/home/vvoxel/ros2_ws_mgr/src/slam/src/src/slam_node.cpp:1[m[K:
[01m[K/opt/ros/jazzy/include/rclcpp/rclcpp/node_impl.hpp:92:1:[m[K [01;36m[Knote: [m[Kcandidate: â€˜[01m[Ktemplate<class MessageT, class CallbackT, class AllocatorT, class SubscriptionT, class MessageMemoryStrategyT> std::shared_ptr<ROSMessageT> rclcpp::Node::[01;32m[Kcreate_subscription[m[K(const std::string&, const rclcpp::QoS&, CallbackT&&, const rclcpp::SubscriptionOptionsWithAllocator<AllocatorT>&, typename MessageMemoryStrategyT::SharedPtr)[m[Kâ€™
   92 | [01;36m[KNode[m[K::create_subscription(
      | [01;36m[K^~~~[m[K
[01m[K/opt/ros/jazzy/include/rclcpp/rclcpp/node_impl.hpp:92:1:[m[K [01;36m[Knote: [m[K  template argument deduction/substitution failed:
[01m[K/home/vvoxel/ros2_ws_mgr/src/slam/src/src/slam_node.cpp:21:79:[m[K [01;31m[Kerror: [m[Ktemplate argument 1 is invalid
   21 |     tag_sub_ = [01;31m[Kthis->create_subscription<apriltag_ros::AprilTagDetectionArray>([m[K
      |                [01;31m[K~~~~~~~~~~~~~~~~~~~~~~~~~~~~~~~~~~~~~~~~~~~~~~~~~~~~~~~~~~~~~~~^[m[K
   22 | [01;31m[K      "/detections", 10,[m[K
      |       [01;31m[K~~~~~~~~~~~~~~~~~~[m[K                                                       
   23 | [01;31m[K      std::bind(&SlamNode::positionCallback, this, std::placeholders::_1)[m[K
      |       [01;31m[K~~~~~~~~~~~~~~~~~~~~~~~~~~~~~~~~~~~~~~~~~~~~~~~~~~~~~~~~~~~~~~~~~~~[m[K      
   24 | [01;31m[K    )[m[K;
      |     [01;31m[K~[m[K                                                                          
gmake[2]: *** [CMakeFiles/slam_node.dir/build.make:76: CMakeFiles/slam_node.dir/src/slam_node.cpp.o] Error 1
gmake[1]: *** [CMakeFiles/Makefile2:137: CMakeFiles/slam_node.dir/all] Error 2
gmake: *** [Makefile:146: all] Error 2
